  [4;36;1mSQL (0.000236)[0m   [0;1mSET SQL_AUTO_IS_NULL=0[0m
  [4;35;1mSQL (0.077008)[0m   [0mCREATE TABLE schema_info (version int(11))[0m
  [4;36;1mSQL (0.034671)[0m   [0;1mINSERT INTO schema_info (version) VALUES(0)[0m
  [4;35;1mSQL (0.000000)[0m   [0mMysql::Error: #42S01Table 'schema_info' already exists: CREATE TABLE schema_info (version int(11))[0m
  [4;36;1mSQL (0.000226)[0m   [0;1mSET SQL_AUTO_IS_NULL=0[0m
  [4;35;1mSQL (0.000000)[0m   [0mMysql::Error: #42S01Table 'schema_info' already exists: CREATE TABLE schema_info (version int(11))[0m
  [4;36;1mSQL (0.000000)[0m   [0;1mMysql::Error: #42S01Table 'schema_info' already exists: CREATE TABLE schema_info (version int(11))[0m
  [4;36;1mSQL (0.000225)[0m   [0;1mSET SQL_AUTO_IS_NULL=0[0m
  [4;35;1mSQL (0.000000)[0m   [0mMysql::Error: #42S01Table 'schema_info' already exists: CREATE TABLE schema_info (version int(11))[0m
  [4;36;1mSQL (0.000000)[0m   [0;1mMysql::Error: #42S01Table 'schema_info' already exists: CREATE TABLE schema_info (version int(11))[0m
  [4;36;1mSQL (0.000279)[0m   [0;1mSET SQL_AUTO_IS_NULL=0[0m
  [4;35;1mSQL (0.000000)[0m   [0mMysql::Error: #42S01Table 'schema_info' already exists: CREATE TABLE schema_info (version int(11))[0m
  [4;36;1mSQL (0.000000)[0m   [0;1mMysql::Error: #42S01Table 'schema_info' already exists: CREATE TABLE schema_info (version int(11))[0m
  [4;36;1mSQL (0.000231)[0m   [0;1mSET SQL_AUTO_IS_NULL=0[0m
  [4;35;1mSQL (0.000000)[0m   [0mMysql::Error: #42S01Table 'schema_info' already exists: CREATE TABLE schema_info (version int(11))[0m
  [4;36;1mSQL (0.000000)[0m   [0;1mMysql::Error: #42S01Table 'schema_info' already exists: CREATE TABLE schema_info (version int(11))[0m
  [4;36;1mSQL (0.000226)[0m   [0;1mSET SQL_AUTO_IS_NULL=0[0m
  [4;35;1mSQL (0.000000)[0m   [0mMysql::Error: #42S01Table 'schema_info' already exists: CREATE TABLE schema_info (version int(11))[0m
  [4;36;1mSQL (0.000000)[0m   [0;1mMysql::Error: #42S01Table 'schema_info' already exists: CREATE TABLE schema_info (version int(11))[0m
  [4;35;1mSQL (0.000582)[0m   [0mSELECT version FROM schema_info[0m
Migrating to CreatePhotos (1)
  [4;36;1mSQL (0.172878)[0m   [0;1mCREATE TABLE photos (`id` int(11) DEFAULT NULL auto_increment PRIMARY KEY, `filename` varchar(255) DEFAULT NULL) ENGINE=InnoDB[0m
  [4;35;1mSQL (0.000441)[0m   [0mUPDATE schema_info SET version = 1[0m
  [4;36;1mSQL (0.000632)[0m   [0;1mSELECT * FROM schema_info[0m
  [4;35;1mSQL (0.001097)[0m   [0mSHOW TABLES[0m
  [4;36;1mSQL (0.003166)[0m   [0;1mSHOW FIELDS FROM photos[0m
  [4;35;1mSQL (0.001556)[0m   [0mSHOW KEYS FROM photos[0m
  [4;36;1mSQL (0.000229)[0m   [0;1mSET SQL_AUTO_IS_NULL=0[0m
  [4;35;1mPhoto Columns (0.001427)[0m   [0mSHOW FIELDS FROM photos[0m
  [4;36;1mSQL (0.000678)[0m   [0;1mBEGIN[0m
  [4;35;1mSQL (0.022030)[0m   [0mINSERT INTO photos (`filename`) VALUES('aaron.jpg')[0m
  [4;36;1mSQL (0.043605)[0m   [0;1mCOMMIT[0m
  [4;35;1mSQL (0.000376)[0m   [0mBEGIN[0m
  [4;36;1mSQL (0.000374)[0m   [0;1mINSERT INTO photos (`filename`) VALUES('lext1.jpg')[0m
  [4;35;1mSQL (0.019910)[0m   [0mCOMMIT[0m
  [4;36;1mSQL (0.000223)[0m   [0;1mSET SQL_AUTO_IS_NULL=0[0m
  [4;35;1mSQL (0.000000)[0m   [0mMysql::Error: #42S01Table 'schema_info' already exists: CREATE TABLE schema_info (version int(11))[0m
  [4;36;1mSQL (0.000000)[0m   [0;1mMysql::Error: #42S01Table 'schema_info' already exists: CREATE TABLE schema_info (version int(11))[0m
  [4;35;1mSQL (0.000582)[0m   [0mSELECT version FROM schema_info[0m
  [4;36;1mSQL (0.000342)[0m   [0;1mSELECT version FROM schema_info[0m
Migrating to CreateSlideshows (2)
  [4;35;1mSQL (0.041848)[0m   [0mCREATE TABLE slideshows (`id` int(11) DEFAULT NULL auto_increment PRIMARY KEY, `name` varchar(255) DEFAULT NULL, `created_at` datetime DEFAULT NULL) ENGINE=InnoDB[0m
  [4;36;1mSQL (0.000395)[0m   [0;1mUPDATE schema_info SET version = 2[0m
  [4;35;1mSQL (0.000496)[0m   [0mSELECT version FROM schema_info[0m
Migrating to CreateSlides (3)
  [4;36;1mSQL (0.029301)[0m   [0;1mCREATE TABLE slides (`id` int(11) DEFAULT NULL auto_increment PRIMARY KEY, `position` int(11) DEFAULT NULL, `photo_id` int(11) DEFAULT NULL, `slideshow_id` int(11) DEFAULT NULL) ENGINE=InnoDB[0m
  [4;35;1mSQL (0.000347)[0m   [0mUPDATE schema_info SET version = 3[0m
  [4;36;1mSQL (0.000227)[0m   [0;1mSET SQL_AUTO_IS_NULL=0[0m
  [4;35;1mSQL (0.000000)[0m   [0mMysql::Error: #42S01Table 'schema_info' already exists: CREATE TABLE schema_info (version int(11))[0m
  [4;36;1mSQL (0.000000)[0m   [0;1mMysql::Error: #42S01Table 'schema_info' already exists: CREATE TABLE schema_info (version int(11))[0m
  [4;35;1mSQL (0.000578)[0m   [0mSELECT version FROM schema_info[0m
  [4;36;1mSQL (0.000346)[0m   [0;1mSELECT version FROM schema_info[0m
  [4;35;1mSQL (0.000335)[0m   [0mSELECT version FROM schema_info[0m
  [4;36;1mSQL (0.000230)[0m   [0;1mSET SQL_AUTO_IS_NULL=0[0m
  [4;35;1mSQL (0.000000)[0m   [0mMysql::Error: #42S01Table 'schema_info' already exists: CREATE TABLE schema_info (version int(11))[0m
  [4;36;1mSQL (0.000000)[0m   [0;1mMysql::Error: #42S01Table 'schema_info' already exists: CREATE TABLE schema_info (version int(11))[0m
  [4;35;1mSQL (0.000401)[0m   [0mSELECT version FROM schema_info[0m
  [4;36;1mSQL (0.000346)[0m   [0;1mSELECT version FROM schema_info[0m
  [4;35;1mSQL (0.000333)[0m   [0mSELECT version FROM schema_info[0m
  [4;36;1mSQL (0.000654)[0m   [0;1mSELECT * FROM schema_info[0m
  [4;35;1mSQL (0.000833)[0m   [0mSHOW TABLES[0m
  [4;36;1mSQL (0.001613)[0m   [0;1mSHOW FIELDS FROM photos[0m
  [4;35;1mSQL (0.001761)[0m   [0mSHOW KEYS FROM photos[0m
  [4;36;1mSQL (0.001869)[0m   [0;1mSHOW FIELDS FROM slides[0m
  [4;35;1mSQL (0.001514)[0m   [0mSHOW KEYS FROM slides[0m
  [4;36;1mSQL (0.001553)[0m   [0;1mSHOW FIELDS FROM slideshows[0m
  [4;35;1mSQL (0.001540)[0m   [0mSHOW KEYS FROM slideshows[0m
  [4;36;1mSQL (0.000206)[0m   [0;1mSET SQL_AUTO_IS_NULL=0[0m
  [4;35;1mSQL (0.000000)[0m   [0mMysql::Error: #42S01Table 'schema_info' already exists: CREATE TABLE schema_info (version int(11))[0m
  [4;36;1mSQL (0.000340)[0m   [0;1mSELECT version FROM schema_info[0m
  [4;35;1mSQL (0.000308)[0m   [0mSELECT version FROM schema_info[0m
  [4;36;1mSQL (0.000000)[0m   [0;1mMysql::Error: #42S01Table 'schema_info' already exists: CREATE TABLE schema_info (version int(11))[0m
  [4;35;1mSQL (0.000447)[0m   [0mSELECT version FROM schema_info[0m
Migrating to CreateSlides (3)
  [4;36;1mSQL (0.049180)[0m   [0;1mDROP TABLE slides[0m
  [4;35;1mSQL (0.000371)[0m   [0mUPDATE schema_info SET version = 2[0m
  [4;36;1mSQL (0.000811)[0m   [0;1mSELECT version FROM schema_info[0m
Migrating to CreateSlideshows (2)
  [4;35;1mSQL (0.001411)[0m   [0mDROP TABLE slideshows[0m
  [4;36;1mSQL (0.000358)[0m   [0;1mUPDATE schema_info SET version = 1[0m
  [4;35;1mSQL (0.000484)[0m   [0mSELECT version FROM schema_info[0m
Migrating to CreatePhotos (1)
  [4;36;1mSQL (0.018414)[0m   [0;1mDROP TABLE photos[0m
  [4;35;1mSQL (0.000377)[0m   [0mUPDATE schema_info SET version = 0[0m
  [4;36;1mSQL (0.000499)[0m   [0;1mSELECT * FROM schema_info[0m
  [4;35;1mSQL (0.000571)[0m   [0mSHOW TABLES[0m
  [4;36;1mSQL (0.000225)[0m   [0;1mSET SQL_AUTO_IS_NULL=0[0m
  [4;35;1mSQL (0.000000)[0m   [0mMysql::Error: #42S01Table 'schema_info' already exists: CREATE TABLE schema_info (version int(11))[0m
  [4;36;1mSQL (0.000000)[0m   [0;1mMysql::Error: #42S01Table 'schema_info' already exists: CREATE TABLE schema_info (version int(11))[0m
  [4;35;1mSQL (0.000582)[0m   [0mSELECT version FROM schema_info[0m
Migrating to CreatePhotos (1)
  [4;36;1mSQL (0.010122)[0m   [0;1mCREATE TABLE photos (`id` int(11) DEFAULT NULL auto_increment PRIMARY KEY, `filename` varchar(255) DEFAULT NULL) ENGINE=InnoDB[0m
  [4;35;1mSQL (0.000395)[0m   [0mUPDATE schema_info SET version = 1[0m
  [4;36;1mSQL (0.000498)[0m   [0;1mSELECT version FROM schema_info[0m
Migrating to CreateSlideshows (2)
  [4;35;1mSQL (0.065219)[0m   [0mCREATE TABLE slideshows (`id` int(11) DEFAULT NULL auto_increment PRIMARY KEY, `name` varchar(255) DEFAULT NULL, `created_at` datetime DEFAULT NULL) ENGINE=InnoDB[0m
  [4;36;1mSQL (0.000387)[0m   [0;1mUPDATE schema_info SET version = 2[0m
  [4;35;1mSQL (0.000495)[0m   [0mSELECT version FROM schema_info[0m
Migrating to CreateSlides (3)
  [4;36;1mSQL (0.013901)[0m   [0;1mCREATE TABLE slides (`id` int(11) DEFAULT NULL auto_increment PRIMARY KEY, `position` int(11) DEFAULT NULL, `photo_id` int(11) DEFAULT NULL, `slideshow_id` int(11) DEFAULT NULL) ENGINE=InnoDB[0m
  [4;35;1mSQL (0.000350)[0m   [0mUPDATE schema_info SET version = 3[0m
  [4;36;1mSQL (0.000494)[0m   [0;1mSELECT * FROM schema_info[0m
  [4;35;1mSQL (0.000631)[0m   [0mSHOW TABLES[0m
  [4;36;1mSQL (0.017212)[0m   [0;1mSHOW FIELDS FROM photos[0m
  [4;35;1mSQL (0.001726)[0m   [0mSHOW KEYS FROM photos[0m
  [4;36;1mSQL (0.001537)[0m   [0;1mSHOW FIELDS FROM slides[0m
  [4;35;1mSQL (0.001574)[0m   [0mSHOW KEYS FROM slides[0m
  [4;36;1mSQL (0.001451)[0m   [0;1mSHOW FIELDS FROM slideshows[0m
  [4;35;1mSQL (0.001576)[0m   [0mSHOW KEYS FROM slideshows[0m
  [4;36;1mSQL (0.000192)[0m   [0;1mSET SQL_AUTO_IS_NULL=0[0m
  [4;35;1mSlide Columns (0.001471)[0m   [0mSHOW FIELDS FROM slides[0m
  [4;36;1mSlide Load (0.000986)[0m   [0;1mSELECT * FROM slides WHERE (slides.id = 1) [0m
  [4;35;1mSlideshow Columns (0.001755)[0m   [0mSHOW FIELDS FROM slideshows[0m
  [4;36;1mSlideshow Load (0.000825)[0m   [0;1mSELECT * FROM slideshows WHERE (slideshows.id = 1) [0m
  [4;35;1mSlide Load (0.001489)[0m   [0mSELECT * FROM slides WHERE (slides.slideshow_id = 1) [0m
  [4;36;1mPhoto Columns (0.001382)[0m   [0;1mSHOW FIELDS FROM photos[0m
  [4;35;1mPhoto Load (0.000656)[0m   [0mSELECT * FROM photos WHERE (photos.id = 1) [0m
  [4;36;1mPhoto Load (0.003686)[0m   [0;1mSELECT * FROM photos WHERE (photos.id = 2) [0m
  [4;35;1mPhoto Load (0.000781)[0m   [0mSELECT * FROM photos WHERE (photos.id = 3) [0m
  [4;36;1mPhoto Load (0.000743)[0m   [0;1mSELECT * FROM photos WHERE (photos.id = 4) [0m
  [4;35;1mPhoto Load (0.000747)[0m   [0mSELECT * FROM photos WHERE (photos.id = 5) [0m
  [4;36;1mPhoto Load (0.000951)[0m   [0;1mSELECT * FROM photos WHERE (photos.id = 6) [0m
  [4;35;1mSlide Load (0.001239)[0m   [0mSELECT * FROM slides WHERE (slides.id = 4) [0m
  [4;36;1mPhoto Load (0.000633)[0m   [0;1mSELECT * FROM photos WHERE (photos.id = 4) [0m
  [4;36;1mSQL (0.000208)[0m   [0;1mSET SQL_AUTO_IS_NULL=0[0m
  [4;35;1mSQL (0.000000)[0m   [0mMysql::Error: #42S01Table 'schema_info' already exists: CREATE TABLE schema_info (version int(11))[0m
  [4;36;1mSQL (0.000000)[0m   [0;1mMysql::Error: #42S01Table 'schema_info' already exists: CREATE TABLE schema_info (version int(11))[0m
  [4;35;1mSQL (0.000571)[0m   [0mSELECT version FROM schema_info[0m
  [4;36;1mSQL (0.000325)[0m   [0;1mSELECT version FROM schema_info[0m
  [4;35;1mSQL (0.000309)[0m   [0mSELECT version FROM schema_info[0m
  [4;36;1mSQL (0.000305)[0m   [0;1mSELECT version FROM schema_info[0m
Migrating to CreateCategories (4)
  [4;35;1mSQL (0.009843)[0m   [0mCREATE TABLE categories (`id` int(11) DEFAULT NULL auto_increment PRIMARY KEY, `name` varchar(255) DEFAULT NULL, `parent_id` int(11) DEFAULT NULL) ENGINE=InnoDB[0m
  [4;36;1mSQL (0.050207)[0m   [0;1mCREATE TABLE categories_photos (`category_id` int(11) DEFAULT NULL, `photo_id` int(11) DEFAULT NULL) ENGINE=InnoDB[0m
  [4;35;1mCategory Columns (0.001456)[0m   [0mSHOW FIELDS FROM categories[0m
  [4;36;1mPhoto Load (0.197896)[0m   [0;1mSELECT * FROM photos [0m
  [4;35;1mPhoto Columns (0.001302)[0m   [0mSHOW FIELDS FROM photos[0m
  [4;36;1mSQL (0.000210)[0m   [0;1mSET SQL_AUTO_IS_NULL=0[0m
  [4;35;1mSQL (0.000000)[0m   [0mMysql::Error: #42S01Table 'schema_info' already exists: CREATE TABLE schema_info (version int(11))[0m
  [4;36;1mSQL (0.000000)[0m   [0;1mMysql::Error: #42S01Table 'schema_info' already exists: CREATE TABLE schema_info (version int(11))[0m
  [4;35;1mSQL (0.000380)[0m   [0mSELECT version FROM schema_info[0m
  [4;36;1mSQL (0.000314)[0m   [0;1mSELECT version FROM schema_info[0m
  [4;35;1mSQL (0.000308)[0m   [0mSELECT version FROM schema_info[0m
  [4;36;1mSQL (0.000306)[0m   [0;1mSELECT version FROM schema_info[0m
Migrating to CreateCategories (4)
  [4;35;1mSQL (0.000000)[0m   [0mMysql::Error: #42S01Table 'categories' already exists: CREATE TABLE categories (`id` int(11) DEFAULT NULL auto_increment PRIMARY KEY, `name` varchar(255) DEFAULT NULL, `parent_id` int(11) DEFAULT NULL) ENGINE=InnoDB[0m
  [4;36;1mSQL (0.000224)[0m   [0;1mSET SQL_AUTO_IS_NULL=0[0m
  [4;35;1mSQL (0.000000)[0m   [0mMysql::Error: #42S01Table 'schema_info' already exists: CREATE TABLE schema_info (version int(11))[0m
  [4;36;1mSQL (0.000000)[0m   [0;1mMysql::Error: #42S01Table 'schema_info' already exists: CREATE TABLE schema_info (version int(11))[0m
  [4;35;1mSQL (0.000408)[0m   [0mSELECT version FROM schema_info[0m
  [4;36;1mSQL (0.000394)[0m   [0;1mSELECT version FROM schema_info[0m
  [4;35;1mSQL (0.000333)[0m   [0mSELECT version FROM schema_info[0m
  [4;36;1mSQL (0.000331)[0m   [0;1mSELECT version FROM schema_info[0m
Migrating to CreateCategories (4)
  [4;35;1mSQL (0.000000)[0m   [0mMysql::Error: #42S01Table 'categories' already exists: CREATE TABLE categories (`id` int(11) DEFAULT NULL auto_increment PRIMARY KEY, `name` varchar(255) DEFAULT NULL, `parent_id` int(11) DEFAULT NULL) ENGINE=InnoDB[0m
  [4;36;1mSQL (0.000225)[0m   [0;1mSET SQL_AUTO_IS_NULL=0[0m
  [4;35;1mSQL (0.000000)[0m   [0mMysql::Error: #42S01Table 'schema_info' already exists: CREATE TABLE schema_info (version int(11))[0m
  [4;36;1mSQL (0.000366)[0m   [0;1mSELECT version FROM schema_info[0m
  [4;35;1mSQL (0.000329)[0m   [0mSELECT version FROM schema_info[0m
  [4;36;1mSQL (0.000000)[0m   [0;1mMysql::Error: #42S01Table 'schema_info' already exists: CREATE TABLE schema_info (version int(11))[0m
  [4;35;1mSQL (0.000393)[0m   [0mSELECT version FROM schema_info[0m
  [4;36;1mSQL (0.000331)[0m   [0;1mSELECT version FROM schema_info[0m
Migrating to CreateSlides (3)
  [4;35;1mSQL (0.014815)[0m   [0mDROP TABLE slides[0m
  [4;36;1mSQL (0.000400)[0m   [0;1mUPDATE schema_info SET version = 2[0m
  [4;35;1mSQL (0.000537)[0m   [0mSELECT version FROM schema_info[0m
Migrating to CreateSlideshows (2)
  [4;36;1mSQL (0.001433)[0m   [0;1mDROP TABLE slideshows[0m
  [4;35;1mSQL (0.000391)[0m   [0mUPDATE schema_info SET version = 1[0m
  [4;36;1mSQL (0.000508)[0m   [0;1mSELECT version FROM schema_info[0m
Migrating to CreatePhotos (1)
  [4;35;1mSQL (0.001631)[0m   [0mDROP TABLE photos[0m
  [4;36;1mSQL (0.000402)[0m   [0;1mUPDATE schema_info SET version = 0[0m
  [4;35;1mSQL (0.000550)[0m   [0mSELECT * FROM schema_info[0m
  [4;36;1mSQL (0.000635)[0m   [0;1mSHOW TABLES[0m
  [4;35;1mSQL (0.001463)[0m   [0mSHOW FIELDS FROM categories[0m
  [4;36;1mSQL (0.001566)[0m   [0;1mSHOW KEYS FROM categories[0m
  [4;35;1mSQL (0.001369)[0m   [0mSHOW FIELDS FROM categories_photos[0m
  [4;36;1mSQL (0.001413)[0m   [0;1mSHOW KEYS FROM categories_photos[0m
  [4;36;1mSQL (0.000230)[0m   [0;1mSET SQL_AUTO_IS_NULL=0[0m
  [4;35;1mSQL (0.000000)[0m   [0mMysql::Error: #42S01Table 'schema_info' already exists: CREATE TABLE schema_info (version int(11))[0m
  [4;36;1mSQL (0.000000)[0m   [0;1mMysql::Error: #42S01Table 'schema_info' already exists: CREATE TABLE schema_info (version int(11))[0m
  [4;35;1mSQL (0.000588)[0m   [0mSELECT version FROM schema_info[0m
Migrating to CreatePhotos (1)
  [4;36;1mSQL (0.011616)[0m   [0;1mCREATE TABLE photos (`id` int(11) DEFAULT NULL auto_increment PRIMARY KEY, `filename` varchar(255) DEFAULT NULL) ENGINE=InnoDB[0m
  [4;35;1mSQL (0.000420)[0m   [0mUPDATE schema_info SET version = 1[0m
  [4;36;1mSQL (0.000514)[0m   [0;1mSELECT version FROM schema_info[0m
Migrating to CreateSlideshows (2)
  [4;35;1mSQL (0.026734)[0m   [0mCREATE TABLE slideshows (`id` int(11) DEFAULT NULL auto_increment PRIMARY KEY, `name` varchar(255) DEFAULT NULL, `created_at` datetime DEFAULT NULL) ENGINE=InnoDB[0m
  [4;36;1mSQL (0.000398)[0m   [0;1mUPDATE schema_info SET version = 2[0m
  [4;35;1mSQL (0.000512)[0m   [0mSELECT version FROM schema_info[0m
Migrating to CreateSlides (3)
  [4;36;1mSQL (0.008472)[0m   [0;1mCREATE TABLE slides (`id` int(11) DEFAULT NULL auto_increment PRIMARY KEY, `position` int(11) DEFAULT NULL, `photo_id` int(11) DEFAULT NULL, `slideshow_id` int(11) DEFAULT NULL) ENGINE=InnoDB[0m
  [4;35;1mSQL (0.000408)[0m   [0mUPDATE schema_info SET version = 3[0m
  [4;36;1mSQL (0.000511)[0m   [0;1mSELECT version FROM schema_info[0m
Migrating to CreateCategories (4)
  [4;35;1mSQL (0.000000)[0m   [0mMysql::Error: #42S01Table 'categories' already exists: CREATE TABLE categories (`id` int(11) DEFAULT NULL auto_increment PRIMARY KEY, `name` varchar(255) DEFAULT NULL, `parent_id` int(11) DEFAULT NULL) ENGINE=InnoDB[0m
  [4;36;1mSQL (0.000211)[0m   [0;1mSET SQL_AUTO_IS_NULL=0[0m
  [4;35;1mSQL (0.000000)[0m   [0mMysql::Error: #42S01Table 'schema_info' already exists: CREATE TABLE schema_info (version int(11))[0m
  [4;36;1mSQL (0.000345)[0m   [0;1mSELECT version FROM schema_info[0m
  [4;35;1mSQL (0.000311)[0m   [0mSELECT version FROM schema_info[0m
  [4;36;1mSQL (0.000000)[0m   [0;1mMysql::Error: #42S01Table 'schema_info' already exists: CREATE TABLE schema_info (version int(11))[0m
  [4;35;1mSQL (0.000376)[0m   [0mSELECT version FROM schema_info[0m
  [4;36;1mSQL (0.000545)[0m   [0;1mSELECT version FROM schema_info[0m
Migrating to CreateSlides (3)
  [4;35;1mSQL (0.014233)[0m   [0mDROP TABLE slides[0m
  [4;36;1mSQL (0.000378)[0m   [0;1mUPDATE schema_info SET version = 2[0m
  [4;35;1mSQL (0.000490)[0m   [0mSELECT version FROM schema_info[0m
Migrating to CreateSlideshows (2)
  [4;36;1mSQL (0.001298)[0m   [0;1mDROP TABLE slideshows[0m
  [4;35;1mSQL (0.000438)[0m   [0mUPDATE schema_info SET version = 1[0m
  [4;36;1mSQL (0.000520)[0m   [0;1mSELECT version FROM schema_info[0m
Migrating to CreatePhotos (1)
  [4;35;1mSQL (0.001243)[0m   [0mDROP TABLE photos[0m
  [4;36;1mSQL (0.000454)[0m   [0;1mUPDATE schema_info SET version = 0[0m
  [4;35;1mSQL (0.000531)[0m   [0mSELECT * FROM schema_info[0m
  [4;36;1mSQL (0.000615)[0m   [0;1mSHOW TABLES[0m
  [4;35;1mSQL (0.001723)[0m   [0mSHOW FIELDS FROM categories[0m
  [4;36;1mSQL (0.001534)[0m   [0;1mSHOW KEYS FROM categories[0m
  [4;35;1mSQL (0.001367)[0m   [0mSHOW FIELDS FROM categories_photos[0m
  [4;36;1mSQL (0.001392)[0m   [0;1mSHOW KEYS FROM categories_photos[0m
  [4;36;1mSQL (0.000210)[0m   [0;1mSET SQL_AUTO_IS_NULL=0[0m
  [4;35;1mSQL (0.000000)[0m   [0mMysql::Error: #42S01Table 'schema_info' already exists: CREATE TABLE schema_info (version int(11))[0m
  [4;36;1mSQL (0.000000)[0m   [0;1mMysql::Error: #42S01Table 'schema_info' already exists: CREATE TABLE schema_info (version int(11))[0m
  [4;35;1mSQL (0.012733)[0m   [0mSELECT version FROM schema_info[0m
Migrating to CreatePhotos (1)
  [4;36;1mSQL (0.040893)[0m   [0;1mCREATE TABLE photos (`id` int(11) DEFAULT NULL auto_increment PRIMARY KEY, `filename` varchar(255) DEFAULT NULL) ENGINE=InnoDB[0m
  [4;35;1mSQL (0.000374)[0m   [0mUPDATE schema_info SET version = 1[0m
  [4;36;1mSQL (0.000494)[0m   [0;1mSELECT version FROM schema_info[0m
Migrating to CreateSlideshows (2)
  [4;35;1mSQL (0.052269)[0m   [0mCREATE TABLE slideshows (`id` int(11) DEFAULT NULL auto_increment PRIMARY KEY, `name` varchar(255) DEFAULT NULL, `created_at` datetime DEFAULT NULL) ENGINE=InnoDB[0m
  [4;36;1mSQL (0.000363)[0m   [0;1mUPDATE schema_info SET version = 2[0m
  [4;35;1mSQL (0.000474)[0m   [0mSELECT version FROM schema_info[0m
Migrating to CreateSlides (3)
  [4;36;1mSQL (0.024409)[0m   [0;1mCREATE TABLE slides (`id` int(11) DEFAULT NULL auto_increment PRIMARY KEY, `position` int(11) DEFAULT NULL, `photo_id` int(11) DEFAULT NULL, `slideshow_id` int(11) DEFAULT NULL) ENGINE=InnoDB[0m
  [4;35;1mSQL (0.000357)[0m   [0mUPDATE schema_info SET version = 3[0m
  [4;36;1mSQL (0.000469)[0m   [0;1mSELECT version FROM schema_info[0m
Migrating to CreateCategories (4)
  [4;35;1mSQL (0.000000)[0m   [0mMysql::Error: #42S01Table 'categories' already exists: CREATE TABLE categories (`id` int(11) DEFAULT NULL auto_increment PRIMARY KEY, `name` varchar(255) DEFAULT NULL, `parent_id` int(11) DEFAULT NULL) ENGINE=InnoDB[0m
  [4;36;1mSQL (0.000221)[0m   [0;1mSET SQL_AUTO_IS_NULL=0[0m
  [4;35;1mSQL (0.000000)[0m   [0mMysql::Error: #42S01Table 'schema_info' already exists: CREATE TABLE schema_info (version int(11))[0m
  [4;36;1mSQL (0.000356)[0m   [0;1mSELECT version FROM schema_info[0m
  [4;35;1mSQL (0.000326)[0m   [0mSELECT version FROM schema_info[0m
  [4;36;1mSQL (0.000000)[0m   [0;1mMysql::Error: #42S01Table 'schema_info' already exists: CREATE TABLE schema_info (version int(11))[0m
  [4;35;1mSQL (0.000529)[0m   [0mSELECT version FROM schema_info[0m
  [4;36;1mSQL (0.000344)[0m   [0;1mSELECT version FROM schema_info[0m
Migrating to CreateSlides (3)
  [4;35;1mSQL (0.000000)[0m   [0mMysql::Error: #42S02Unknown table 'slides': DROP TABLE slides[0m
  [4;36;1mSQL (0.000226)[0m   [0;1mSET SQL_AUTO_IS_NULL=0[0m
  [4;35;1mSQL (0.000000)[0m   [0mMysql::Error: #42S01Table 'schema_info' already exists: CREATE TABLE schema_info (version int(11))[0m
  [4;36;1mSQL (0.000000)[0m   [0;1mMysql::Error: #42S01Table 'schema_info' already exists: CREATE TABLE schema_info (version int(11))[0m
  [4;35;1mSQL (0.000405)[0m   [0mSELECT version FROM schema_info[0m
  [4;36;1mSQL (0.000341)[0m   [0;1mSELECT version FROM schema_info[0m
  [4;35;1mSQL (0.000332)[0m   [0mSELECT version FROM schema_info[0m
  [4;36;1mSQL (0.000343)[0m   [0;1mSELECT version FROM schema_info[0m
Migrating to CreateCategories (4)
  [4;35;1mSQL (0.011314)[0m   [0mCREATE TABLE categories (`id` int(11) DEFAULT NULL auto_increment PRIMARY KEY, `name` varchar(255) DEFAULT NULL, `parent_id` int(11) DEFAULT NULL) ENGINE=InnoDB[0m
  [4;36;1mSQL (0.033884)[0m   [0;1mCREATE TABLE categories_photos (`category_id` int(11) DEFAULT NULL, `photo_id` int(11) DEFAULT NULL) ENGINE=InnoDB[0m
  [4;35;1mCategory Columns (0.001612)[0m   [0mSHOW FIELDS FROM categories[0m
  [4;36;1mPhoto Load (0.000000)[0m   [0;1mMysql::Error: #42S02Table 'photos_development.photos' doesn't exist: SELECT * FROM photos [0m
  [4;36;1mSQL (0.000254)[0m   [0;1mSET SQL_AUTO_IS_NULL=0[0m
  [4;35;1mSQL (0.000000)[0m   [0mMysql::Error: #42S01Table 'schema_info' already exists: CREATE TABLE schema_info (version int(11))[0m
  [4;36;1mSQL (0.000364)[0m   [0;1mSELECT version FROM schema_info[0m
  [4;35;1mSQL (0.000786)[0m   [0mSELECT version FROM schema_info[0m
  [4;36;1mSQL (0.000000)[0m   [0;1mMysql::Error: #42S01Table 'schema_info' already exists: CREATE TABLE schema_info (version int(11))[0m
  [4;35;1mSQL (0.000388)[0m   [0mSELECT version FROM schema_info[0m
  [4;36;1mSQL (0.000334)[0m   [0;1mSELECT version FROM schema_info[0m
Migrating to CreateSlides (3)
  [4;35;1mSQL (0.000000)[0m   [0mMysql::Error: #42S02Unknown table 'slides': DROP TABLE slides[0m
  [4;36;1mSQL (0.000230)[0m   [0;1mSET SQL_AUTO_IS_NULL=0[0m
  [4;35;1mSQL (0.000000)[0m   [0mMysql::Error: #42S01Table 'schema_info' already exists: CREATE TABLE schema_info (version int(11))[0m
  [4;36;1mSQL (0.000370)[0m   [0;1mSELECT version FROM schema_info[0m
  [4;35;1mSQL (0.000338)[0m   [0mSELECT version FROM schema_info[0m
  [4;36;1mSQL (0.000000)[0m   [0;1mMysql::Error: #42S01Table 'schema_info' already exists: CREATE TABLE schema_info (version int(11))[0m
  [4;35;1mSQL (0.000398)[0m   [0mSELECT version FROM schema_info[0m
  [4;36;1mSQL (0.000364)[0m   [0;1mSELECT version FROM schema_info[0m
Migrating to CreateSlides (3)
  [4;35;1mSQL (0.000439)[0m   [0mDROP TABLE slides[0m
  [4;36;1mSQL (0.000394)[0m   [0;1mUPDATE schema_info SET version = 2[0m
  [4;35;1mSQL (0.000501)[0m   [0mSELECT version FROM schema_info[0m
Migrating to CreateSlideshows (2)
  [4;36;1mSQL (0.000444)[0m   [0;1mDROP TABLE slideshows[0m
  [4;35;1mSQL (0.000379)[0m   [0mUPDATE schema_info SET version = 1[0m
  [4;36;1mSQL (0.000501)[0m   [0;1mSELECT version FROM schema_info[0m
Migrating to CreatePhotos (1)
  [4;35;1mSQL (0.000423)[0m   [0mDROP TABLE photos[0m
  [4;36;1mSQL (0.000568)[0m   [0;1mUPDATE schema_info SET version = 0[0m
  [4;35;1mSQL (0.000543)[0m   [0mSELECT * FROM schema_info[0m
  [4;36;1mSQL (0.000653)[0m   [0;1mSHOW TABLES[0m
  [4;35;1mSQL (0.050442)[0m   [0mSHOW FIELDS FROM categories[0m
  [4;36;1mSQL (0.002424)[0m   [0;1mSHOW KEYS FROM categories[0m
  [4;35;1mSQL (0.001643)[0m   [0mSHOW FIELDS FROM categories_photos[0m
  [4;36;1mSQL (0.001446)[0m   [0;1mSHOW KEYS FROM categories_photos[0m
  [4;36;1mSQL (0.000224)[0m   [0;1mSET SQL_AUTO_IS_NULL=0[0m
  [4;35;1mSQL (0.000000)[0m   [0mMysql::Error: #42S01Table 'schema_info' already exists: CREATE TABLE schema_info (version int(11))[0m
  [4;36;1mSQL (0.000000)[0m   [0;1mMysql::Error: #42S01Table 'schema_info' already exists: CREATE TABLE schema_info (version int(11))[0m
  [4;35;1mSQL (0.012969)[0m   [0mSELECT version FROM schema_info[0m
Migrating to CreatePhotos (1)
  [4;36;1mSQL (0.031501)[0m   [0;1mCREATE TABLE photos (`id` int(11) DEFAULT NULL auto_increment PRIMARY KEY, `filename` varchar(255) DEFAULT NULL) ENGINE=InnoDB[0m
  [4;35;1mSQL (0.000398)[0m   [0mUPDATE schema_info SET version = 1[0m
  [4;36;1mSQL (0.000490)[0m   [0;1mSELECT version FROM schema_info[0m
Migrating to CreateSlideshows (2)
  [4;35;1mSQL (0.007252)[0m   [0mCREATE TABLE slideshows (`id` int(11) DEFAULT NULL auto_increment PRIMARY KEY, `name` varchar(255) DEFAULT NULL, `created_at` datetime DEFAULT NULL) ENGINE=InnoDB[0m
  [4;36;1mSQL (0.000405)[0m   [0;1mUPDATE schema_info SET version = 2[0m
  [4;35;1mSQL (0.000492)[0m   [0mSELECT version FROM schema_info[0m
Migrating to CreateSlides (3)
  [4;36;1mSQL (0.023744)[0m   [0;1mCREATE TABLE slides (`id` int(11) DEFAULT NULL auto_increment PRIMARY KEY, `position` int(11) DEFAULT NULL, `photo_id` int(11) DEFAULT NULL, `slideshow_id` int(11) DEFAULT NULL) ENGINE=InnoDB[0m
  [4;35;1mSQL (0.000384)[0m   [0mUPDATE schema_info SET version = 3[0m
  [4;36;1mSQL (0.000570)[0m   [0;1mSELECT version FROM schema_info[0m
Migrating to CreateCategories (4)
  [4;35;1mSQL (0.023856)[0m   [0mCREATE TABLE categories (`id` int(11) DEFAULT NULL auto_increment PRIMARY KEY, `name` varchar(255) DEFAULT NULL, `parent_id` int(11) DEFAULT NULL) ENGINE=InnoDB[0m
  [4;36;1mSQL (0.008298)[0m   [0;1mCREATE TABLE categories_photos (`category_id` int(11) DEFAULT NULL, `photo_id` int(11) DEFAULT NULL) ENGINE=InnoDB[0m
  [4;35;1mCategory Columns (0.001579)[0m   [0mSHOW FIELDS FROM categories[0m
  [4;36;1mPhoto Load (0.000733)[0m   [0;1mSELECT * FROM photos [0m
  [4;35;1mSQL (0.000386)[0m   [0mUPDATE schema_info SET version = 4[0m
  [4;36;1mSQL (0.000542)[0m   [0;1mSELECT * FROM schema_info[0m
  [4;35;1mSQL (0.000757)[0m   [0mSHOW TABLES[0m
  [4;36;1mSQL (0.001492)[0m   [0;1mSHOW FIELDS FROM categories[0m
  [4;35;1mSQL (0.001644)[0m   [0mSHOW KEYS FROM categories[0m
  [4;36;1mSQL (0.001455)[0m   [0;1mSHOW FIELDS FROM categories_photos[0m
  [4;35;1mSQL (0.001406)[0m   [0mSHOW KEYS FROM categories_photos[0m
  [4;36;1mSQL (0.001390)[0m   [0;1mSHOW FIELDS FROM photos[0m
  [4;35;1mSQL (0.001643)[0m   [0mSHOW KEYS FROM photos[0m
  [4;36;1mSQL (0.001615)[0m   [0;1mSHOW FIELDS FROM slides[0m
  [4;35;1mSQL (0.001709)[0m   [0mSHOW KEYS FROM slides[0m
  [4;36;1mSQL (0.001551)[0m   [0;1mSHOW FIELDS FROM slideshows[0m
  [4;35;1mSQL (0.001519)[0m   [0mSHOW KEYS FROM slideshows[0m
  [4;36;1mSQL (0.000197)[0m   [0;1mSET SQL_AUTO_IS_NULL=0[0m
  [4;35;1mCategory Columns (0.001427)[0m   [0mSHOW FIELDS FROM categories[0m
  [4;36;1mCategory Load (0.000920)[0m   [0;1mSELECT * FROM categories WHERE (categories.`name` = 'Friends') LIMIT 1[0m
  [4;35;1mJoin Table Columns (0.015775)[0m   [0mSHOW FIELDS FROM categories_photos[0m
  [4;36;1mPhoto Load (0.001153)[0m   [0;1mSELECT * FROM photos INNER JOIN categories_photos ON photos.id = categories_photos.photo_id WHERE (categories_photos.category_id = 2 ) [0m
  [4;35;1mPhoto Columns (0.016729)[0m   [0mSHOW FIELDS FROM photos[0m
  [4;36;1mCategory Load (0.001204)[0m   [0;1mSELECT * FROM categories WHERE (categories.`name` = 'Summit Hills Peeps') LIMIT 1[0m
  [4;35;1mJoin Table Columns (0.001667)[0m   [0mSHOW FIELDS FROM categories_photos[0m
  [4;36;1mPhoto Load (0.001141)[0m   [0;1mSELECT * FROM photos INNER JOIN categories_photos ON photos.id = categories_photos.photo_id WHERE (categories_photos.category_id = 4 ) [0m
  [4;36;1mSQL (0.000191)[0m   [0;1mSET SQL_AUTO_IS_NULL=0[0m
  [4;35;1mSlideshow Columns (0.001392)[0m   [0mSHOW FIELDS FROM slideshows[0m
  [4;36;1mSlideshow Load (0.000990)[0m   [0;1mSELECT * FROM slideshows WHERE (slideshows.id = 1) [0m
  [4;35;1mSlide Load (0.041930)[0m   [0mSELECT * FROM slides WHERE (slides.slideshow_id = 1) ORDER BY position[0m
  [4;36;1mSlide Columns (0.001567)[0m   [0;1mSHOW FIELDS FROM slides[0m
  [4;35;1mPhoto Columns (0.001462)[0m   [0mSHOW FIELDS FROM photos[0m
  [4;36;1mPhoto Load (0.000782)[0m   [0;1mSELECT * FROM photos WHERE (photos.id = 1) [0m
  [4;35;1mPhoto Load (0.000681)[0m   [0mSELECT * FROM photos WHERE (photos.id = 2) [0m
  [4;36;1mPhoto Load (0.000679)[0m   [0;1mSELECT * FROM photos WHERE (photos.id = 3) [0m
  [4;35;1mPhoto Load (0.000654)[0m   [0mSELECT * FROM photos WHERE (photos.id = 4) [0m
  [4;36;1mPhoto Load (0.000674)[0m   [0;1mSELECT * FROM photos WHERE (photos.id = 5) [0m
  [4;35;1mPhoto Load (0.000651)[0m   [0mSELECT * FROM photos WHERE (photos.id = 6) [0m
  [4;36;1mSlideshow Load (0.000880)[0m   [0;1mSELECT * FROM slideshows WHERE (slideshows.id = 1) [0m
  [4;35;1mSlide Load (0.001113)[0m   [0mSELECT * FROM slides WHERE (slides.slideshow_id = 1) ORDER BY position[0m
  [4;36;1mPhoto Load (0.000657)[0m   [0;1mSELECT * FROM photos WHERE (photos.id = 1) [0m
  [4;35;1mSQL (0.000545)[0m   [0mBEGIN[0m
  [4;36;1mSlide Update (0.048953)[0m   [0;1mUPDATE slides SET position = (position - 1) WHERE (slideshow_id AND position > 1) [0m
  [4;35;1mSlide Load (0.001110)[0m   [0mSELECT * FROM slides WHERE (slideshow_id AND id != 1) ORDER BY position DESC LIMIT 1[0m
  [4;36;1mSlide Update (0.000445)[0m   [0;1mUPDATE slides SET `slideshow_id` = 1, `position` = 6, `photo_id` = 1 WHERE id = 1[0m
  [4;35;1mSQL (0.025618)[0m   [0mCOMMIT[0m
  [4;36;1mPhoto Load (0.000703)[0m   [0;1mSELECT * FROM photos WHERE (photos.id = 6) [0m
  [4;35;1mSlideshow Load (0.000890)[0m   [0mSELECT * FROM slideshows WHERE (slideshows.id = 1) [0m
  [4;36;1mSlide Load (0.001512)[0m   [0;1mSELECT * FROM slides WHERE (slides.slideshow_id = 1) ORDER BY position[0m
  [4;35;1mPhoto Load (0.000448)[0m   [0mSELECT * FROM photos WHERE (photos.id = 1) [0m
  [4;36;1mSQL (0.000224)[0m   [0;1mSET SQL_AUTO_IS_NULL=0[0m
  [4;35;1mCategory Columns (0.001443)[0m   [0mSHOW FIELDS FROM categories[0m
  [4;36;1mCategory Load (0.000924)[0m   [0;1mSELECT * FROM categories WHERE (categories.`name` = 'All') LIMIT 1[0m
  [4;35;1mCategory Load (0.001357)[0m   [0mSELECT * FROM categories WHERE (categories.parent_id = 1) [0m


Processing InfoController#properties (for 127.0.0.1 at 2007-02-14 15:24:06) [GET]
  Session ID: e5e55daf00107e2c178717559c2f6dd3
  Parameters: {"action"=>"properties", "controller"=>"rails/info"}
  [4;36;1mSQL (0.000266)[0m   [0;1mSET SQL_AUTO_IS_NULL=0[0m
  [4;35;1mSQL (0.000631)[0m   [0mSELECT version FROM schema_info[0m
Completed in 0.16829 (5 reqs/sec) | Rendering: 0.06598 (39%) | DB: 0.00090 (0%) | 200 OK [http://127.0.0.1/rails/info/properties]


Processing PhotosController#index (for 127.0.0.1 at 2007-02-14 15:25:04) [GET]
  Session ID: 27960fa96c361aba819614ade02f18d7
  Parameters: {"action"=>"index", "controller"=>"photos"}
  [4;36;1mPhoto Columns (0.013480)[0m   [0;1mSHOW FIELDS FROM photos[0m
  [4;35;1mSQL (0.000755)[0m   [0mSELECT count(*) AS count_all FROM photos [0m
  [4;36;1mPhoto Load (0.000863)[0m   [0;1mSELECT * FROM photos LIMIT 0, 10[0m
Rendering /usr/lib/ruby/gems/1.8/gems/actionpack-1.13.2/lib/action_controller/templates/scaffolds/layout.rhtml
Completed in 0.06500 (15 reqs/sec) | Rendering: 0.00447 (6%) | DB: 0.01510 (23%) | 200 OK [http://127.0.0.1/photos]


Processing PhotosController#show (for 127.0.0.1 at 2007-02-14 15:25:09) [GET]
  Session ID: 27960fa96c361aba819614ade02f18d7
  Parameters: {"action"=>"show", "id"=>"1", "controller"=>"photos"}
  [4;35;1mPhoto Columns (0.002095)[0m   [0mSHOW FIELDS FROM photos[0m
  [4;36;1mPhoto Load (0.002067)[0m   [0;1mSELECT * FROM photos WHERE (photos.id = 1) [0m
Rendering /usr/lib/ruby/gems/1.8/gems/actionpack-1.13.2/lib/action_controller/templates/scaffolds/layout.rhtml
Completed in 0.01971 (50 reqs/sec) | Rendering: 0.00067 (3%) | DB: 0.00416 (21%) | 200 OK [http://127.0.0.1/photos/show/1]


Processing PhotosController#list (for 127.0.0.1 at 2007-02-14 15:25:11) [GET]
  Session ID: 27960fa96c361aba819614ade02f18d7
  Parameters: {"action"=>"list", "controller"=>"photos"}
  [4;35;1mPhoto Columns (0.001585)[0m   [0mSHOW FIELDS FROM photos[0m
  [4;36;1mSQL (0.000451)[0m   [0;1mSELECT count(*) AS count_all FROM photos [0m
  [4;35;1mPhoto Load (0.000642)[0m   [0mSELECT * FROM photos LIMIT 0, 10[0m
Rendering /usr/lib/ruby/gems/1.8/gems/actionpack-1.13.2/lib/action_controller/templates/scaffolds/layout.rhtml
Completed in 0.09297 (10 reqs/sec) | Rendering: 0.00077 (0%) | DB: 0.00268 (2%) | 200 OK [http://127.0.0.1/photos/list]


Processing PhotosController#edit (for 127.0.0.1 at 2007-02-14 15:25:46) [GET]
  Session ID: 27960fa96c361aba819614ade02f18d7
  Parameters: {"action"=>"edit", "id"=>"5", "controller"=>"photos"}
  [4;36;1mPhoto Columns (0.001569)[0m   [0;1mSHOW FIELDS FROM photos[0m
  [4;35;1mPhoto Load (0.000536)[0m   [0mSELECT * FROM photos WHERE (photos.id = 5) [0m
Rendering /usr/lib/ruby/gems/1.8/gems/actionpack-1.13.2/lib/action_controller/templates/scaffolds/layout.rhtml
Completed in 0.01953 (51 reqs/sec) | Rendering: 0.00074 (3%) | DB: 0.00210 (10%) | 200 OK [http://127.0.0.1/photos/edit/5]


Processing PhotosController#list (for 127.0.0.1 at 2007-02-14 15:25:51) [GET]
  Session ID: 27960fa96c361aba819614ade02f18d7
  Parameters: {"action"=>"list", "controller"=>"photos"}
  [4;36;1mPhoto Columns (0.001530)[0m   [0;1mSHOW FIELDS FROM photos[0m
  [4;35;1mSQL (0.000404)[0m   [0mSELECT count(*) AS count_all FROM photos [0m
  [4;36;1mPhoto Load (0.000627)[0m   [0;1mSELECT * FROM photos LIMIT 0, 10[0m
Rendering /usr/lib/ruby/gems/1.8/gems/actionpack-1.13.2/lib/action_controller/templates/scaffolds/layout.rhtml
Completed in 0.02233 (44 reqs/sec) | Rendering: 0.00096 (4%) | DB: 0.00256 (11%) | 200 OK [http://127.0.0.1/photos/list]


Processing PhotosController#new (for 127.0.0.1 at 2007-02-14 15:25:56) [GET]
  Session ID: 27960fa96c361aba819614ade02f18d7
  Parameters: {"action"=>"new", "controller"=>"photos"}
  [4;35;1mPhoto Columns (0.001534)[0m   [0mSHOW FIELDS FROM photos[0m
Rendering /usr/lib/ruby/gems/1.8/gems/actionpack-1.13.2/lib/action_controller/templates/scaffolds/layout.rhtml
Completed in 0.03485 (28 reqs/sec) | Rendering: 0.00074 (2%) | DB: 0.00153 (4%) | 200 OK [http://127.0.0.1/photos/new]


Processing PhotosController#create (for 127.0.0.1 at 2007-02-14 15:26:31) [POST]
  Session ID: 27960fa96c361aba819614ade02f18d7
  Parameters: {"photo"=>{"filename"=>"pat1.jpg"}, "commit"=>"Create", "action"=>"create", "controller"=>"photos"}
  [4;36;1mPhoto Columns (0.001533)[0m   [0;1mSHOW FIELDS FROM photos[0m
  [4;35;1mSQL (0.000275)[0m   [0mBEGIN[0m
  [4;36;1mSQL (0.000528)[0m   [0;1mINSERT INTO photos (`filename`) VALUES('pat1.jpg')[0m
  [4;35;1mSQL (0.015236)[0m   [0mCOMMIT[0m
Redirected to http://127.0.0.1:3000/photos/list
Completed in 0.03289 (30 reqs/sec) | DB: 0.01757 (53%) | 302 Found [http://127.0.0.1/photos/create]


Processing PhotosController#list (for 127.0.0.1 at 2007-02-14 15:26:31) [GET]
  Session ID: 27960fa96c361aba819614ade02f18d7
  Parameters: {"action"=>"list", "controller"=>"photos"}
  [4;36;1mPhoto Columns (0.009981)[0m   [0;1mSHOW FIELDS FROM photos[0m
  [4;35;1mSQL (0.014937)[0m   [0mSELECT count(*) AS count_all FROM photos [0m
  [4;36;1mPhoto Load (0.000856)[0m   [0;1mSELECT * FROM photos LIMIT 0, 10[0m
Rendering /usr/lib/ruby/gems/1.8/gems/actionpack-1.13.2/lib/action_controller/templates/scaffolds/layout.rhtml
Completed in 0.04629 (21 reqs/sec) | Rendering: 0.00069 (1%) | DB: 0.02577 (55%) | 200 OK [http://127.0.0.1/photos/list]


Processing PhotosController#edit (for 127.0.0.1 at 2007-02-14 15:26:41) [GET]
  Session ID: 27960fa96c361aba819614ade02f18d7
  Parameters: {"action"=>"edit", "id"=>"7", "controller"=>"photos"}
  [4;35;1mPhoto Columns (0.001533)[0m   [0mSHOW FIELDS FROM photos[0m
  [4;36;1mPhoto Load (0.000777)[0m   [0;1mSELECT * FROM photos WHERE (photos.id = 7) [0m
Rendering /usr/lib/ruby/gems/1.8/gems/actionpack-1.13.2/lib/action_controller/templates/scaffolds/layout.rhtml
Completed in 0.02128 (46 reqs/sec) | Rendering: 0.00071 (3%) | DB: 0.00231 (10%) | 200 OK [http://127.0.0.1/photos/edit/7]


Processing PhotosController#show (for 127.0.0.1 at 2007-02-14 15:26:44) [GET]
  Session ID: 27960fa96c361aba819614ade02f18d7
  Parameters: {"action"=>"show", "id"=>"7", "controller"=>"photos"}
  [4;35;1mPhoto Columns (0.003387)[0m   [0mSHOW FIELDS FROM photos[0m
  [4;36;1mPhoto Load (0.000498)[0m   [0;1mSELECT * FROM photos WHERE (photos.id = 7) [0m
Rendering /usr/lib/ruby/gems/1.8/gems/actionpack-1.13.2/lib/action_controller/templates/scaffolds/layout.rhtml
Completed in 0.01869 (53 reqs/sec) | Rendering: 0.00070 (3%) | DB: 0.00389 (20%) | 200 OK [http://127.0.0.1/photos/show/7]


Processing PhotosController#list (for 127.0.0.1 at 2007-02-14 15:26:46) [GET]
  Session ID: 27960fa96c361aba819614ade02f18d7
  Parameters: {"action"=>"list", "controller"=>"photos"}
  [4;35;1mPhoto Columns (0.005619)[0m   [0mSHOW FIELDS FROM photos[0m
  [4;36;1mSQL (0.010862)[0m   [0;1mSELECT count(*) AS count_all FROM photos [0m
  [4;35;1mPhoto Load (0.028015)[0m   [0mSELECT * FROM photos LIMIT 0, 10[0m
Rendering /usr/lib/ruby/gems/1.8/gems/actionpack-1.13.2/lib/action_controller/templates/scaffolds/layout.rhtml
Completed in 0.06473 (15 reqs/sec) | Rendering: 0.00068 (1%) | DB: 0.04450 (68%) | 200 OK [http://127.0.0.1/photos/list]


Processing PhotosController#show (for 127.0.0.1 at 2007-02-14 15:26:48) [GET]
  Session ID: 27960fa96c361aba819614ade02f18d7
  Parameters: {"action"=>"show", "id"=>"4", "controller"=>"photos"}
  [4;36;1mPhoto Columns (0.001773)[0m   [0;1mSHOW FIELDS FROM photos[0m
  [4;35;1mPhoto Load (0.003765)[0m   [0mSELECT * FROM photos WHERE (photos.id = 4) [0m
Rendering /usr/lib/ruby/gems/1.8/gems/actionpack-1.13.2/lib/action_controller/templates/scaffolds/layout.rhtml
Completed in 0.02088 (47 reqs/sec) | Rendering: 0.00072 (3%) | DB: 0.00554 (26%) | 200 OK [http://127.0.0.1/photos/show/4]


Processing PhotosController#list (for 127.0.0.1 at 2007-02-14 15:26:50) [GET]
  Session ID: 27960fa96c361aba819614ade02f18d7
  Parameters: {"action"=>"list", "controller"=>"photos"}
  [4;36;1mPhoto Columns (0.003264)[0m   [0;1mSHOW FIELDS FROM photos[0m
  [4;35;1mSQL (0.000700)[0m   [0mSELECT count(*) AS count_all FROM photos [0m
  [4;36;1mPhoto Load (0.000737)[0m   [0;1mSELECT * FROM photos LIMIT 0, 10[0m
Rendering /usr/lib/ruby/gems/1.8/gems/actionpack-1.13.2/lib/action_controller/templates/scaffolds/layout.rhtml
Completed in 0.02660 (37 reqs/sec) | Rendering: 0.00073 (2%) | DB: 0.00470 (17%) | 200 OK [http://127.0.0.1/photos/list]


Processing PhotosController#index (for 127.0.0.1 at 2007-02-17 17:19:32) [GET]
  Session ID: 27960fa96c361aba819614ade02f18d7
  Parameters: {"action"=>"index", "controller"=>"photos"}
Completed in 0.00122 (816 reqs/sec) | 200 OK [http://127.0.0.1/photos]
  [4;36;1mSQL (0.000227)[0m   [0;1mSET SQL_AUTO_IS_NULL=0[0m
  [4;35;1mSQL (0.000000)[0m   [0mMysql::Error: #42S01Table 'schema_info' already exists: CREATE TABLE schema_info (version int(11))[0m
  [4;36;1mSQL (0.000000)[0m   [0;1mMysql::Error: #42S01Table 'schema_info' already exists: CREATE TABLE schema_info (version int(11))[0m
  [4;35;1mSQL (0.000404)[0m   [0mSELECT version FROM schema_info[0m
  [4;36;1mSQL (0.000362)[0m   [0;1mSELECT version FROM schema_info[0m
  [4;35;1mSQL (0.000337)[0m   [0mSELECT version FROM schema_info[0m
  [4;36;1mSQL (0.000328)[0m   [0;1mSELECT version FROM schema_info[0m
  [4;35;1mSQL (0.000324)[0m   [0mSELECT version FROM schema_info[0m
Migrating to AddPhotoColumns (5)
  [4;36;1mSQL (0.221471)[0m   [0;1mALTER TABLE photos ADD `created_at` datetime[0m
  [4;35;1mSQL (0.026116)[0m   [0mALTER TABLE photos ADD `thumbnail` varchar(255)[0m
  [4;36;1mSQL (0.049906)[0m   [0;1mALTER TABLE photos ADD `description` varchar(255)[0m
  [4;35;1mPhoto Load (0.001225)[0m   [0mSELECT * FROM photos [0m
  [4;36;1mPhoto Columns (0.018629)[0m   [0;1mSHOW FIELDS FROM photos[0m
  [4;35;1mSQL (0.000345)[0m   [0mBEGIN[0m
  [4;36;1mPhoto Update (0.027672)[0m   [0;1mUPDATE photos SET `created_at` = '2007-02-17 17:30:28', `thumbnail` = NULL, `filename` = 'aaron.jpg', `description` = NULL WHERE id = 1[0m
  [4;35;1mSQL (0.001031)[0m   [0mCOMMIT[0m
  [4;36;1mSQL (0.000201)[0m   [0;1mBEGIN[0m
  [4;35;1mPhoto Update (0.000520)[0m   [0mUPDATE photos SET `created_at` = '2007-02-17 17:30:28', `thumbnail` = 'aaron_m.jpg', `filename` = 'aaron.jpg', `description` = NULL WHERE id = 1[0m
  [4;36;1mSQL (0.001153)[0m   [0;1mCOMMIT[0m
  [4;35;1mSQL (0.000187)[0m   [0mBEGIN[0m
  [4;36;1mPhoto Update (0.000481)[0m   [0;1mUPDATE photos SET `created_at` = '2007-02-17 17:30:28', `thumbnail` = NULL, `filename` = 'figey.jpg', `description` = NULL WHERE id = 2[0m
  [4;35;1mSQL (0.038379)[0m   [0mCOMMIT[0m
  [4;36;1mSQL (0.000192)[0m   [0;1mBEGIN[0m
  [4;35;1mPhoto Update (0.000547)[0m   [0mUPDATE photos SET `created_at` = '2007-02-17 17:30:28', `thumbnail` = 'figey_m.jpg', `filename` = 'figey.jpg', `description` = NULL WHERE id = 2[0m
  [4;36;1mSQL (0.000941)[0m   [0;1mCOMMIT[0m
  [4;35;1mSQL (0.000188)[0m   [0mBEGIN[0m
  [4;36;1mPhoto Update (0.000467)[0m   [0;1mUPDATE photos SET `created_at` = '2007-02-17 17:30:28', `thumbnail` = NULL, `filename` = 'fish.jpg', `description` = NULL WHERE id = 3[0m
  [4;35;1mSQL (0.014732)[0m   [0mCOMMIT[0m
  [4;36;1mSQL (0.000357)[0m   [0;1mBEGIN[0m
  [4;35;1mPhoto Update (0.000465)[0m   [0mUPDATE photos SET `created_at` = '2007-02-17 17:30:28', `thumbnail` = 'fish_m.jpg', `filename` = 'fish.jpg', `description` = NULL WHERE id = 3[0m
  [4;36;1mSQL (0.005135)[0m   [0;1mCOMMIT[0m
  [4;35;1mSQL (0.000305)[0m   [0mBEGIN[0m
  [4;36;1mPhoto Update (0.000463)[0m   [0;1mUPDATE photos SET `created_at` = '2007-02-17 17:30:28', `thumbnail` = NULL, `filename` = 'lexi1.jpg', `description` = NULL WHERE id = 4[0m
  [4;35;1mSQL (0.005895)[0m   [0mCOMMIT[0m
  [4;36;1mSQL (0.000188)[0m   [0;1mBEGIN[0m
  [4;35;1mPhoto Update (0.000459)[0m   [0mUPDATE photos SET `created_at` = '2007-02-17 17:30:28', `thumbnail` = 'lexi1_m.jpg', `filename` = 'lexi1.jpg', `description` = NULL WHERE id = 4[0m
  [4;36;1mSQL (0.005619)[0m   [0;1mCOMMIT[0m
  [4;35;1mSQL (0.000190)[0m   [0mBEGIN[0m
  [4;36;1mPhoto Update (0.000463)[0m   [0;1mUPDATE photos SET `created_at` = '2007-02-17 17:30:28', `thumbnail` = NULL, `filename` = 'mikemartin.jpg', `description` = NULL WHERE id = 5[0m
  [4;35;1mSQL (0.000731)[0m   [0mCOMMIT[0m
  [4;36;1mSQL (0.000188)[0m   [0;1mBEGIN[0m
  [4;35;1mPhoto Update (0.000465)[0m   [0mUPDATE photos SET `created_at` = '2007-02-17 17:30:28', `thumbnail` = 'mikemartin_m.jpg', `filename` = 'mikemartin.jpg', `description` = NULL WHERE id = 5[0m
  [4;36;1mSQL (0.010502)[0m   [0;1mCOMMIT[0m
  [4;35;1mSQL (0.000195)[0m   [0mBEGIN[0m
  [4;36;1mPhoto Update (0.000500)[0m   [0;1mUPDATE photos SET `created_at` = '2007-02-17 17:30:28', `thumbnail` = NULL, `filename` = 'scott.jpg', `description` = NULL WHERE id = 6[0m
  [4;35;1mSQL (0.005798)[0m   [0mCOMMIT[0m
  [4;36;1mSQL (0.000186)[0m   [0;1mBEGIN[0m
  [4;35;1mPhoto Update (0.000462)[0m   [0mUPDATE photos SET `created_at` = '2007-02-17 17:30:28', `thumbnail` = 'scott_m.jpg', `filename` = 'scott.jpg', `description` = NULL WHERE id = 6[0m
  [4;36;1mSQL (0.001033)[0m   [0;1mCOMMIT[0m
  [4;35;1mSQL (0.000188)[0m   [0mBEGIN[0m
  [4;36;1mPhoto Update (0.000456)[0m   [0;1mUPDATE photos SET `created_at` = '2007-02-17 17:30:28', `thumbnail` = NULL, `filename` = 'pat1.jpg', `description` = NULL WHERE id = 7[0m
  [4;35;1mSQL (0.002195)[0m   [0mCOMMIT[0m
  [4;36;1mSQL (0.000189)[0m   [0;1mBEGIN[0m
  [4;35;1mPhoto Update (0.000483)[0m   [0mUPDATE photos SET `created_at` = '2007-02-17 17:30:28', `thumbnail` = 'pat1_m.jpg', `filename` = 'pat1.jpg', `description` = NULL WHERE id = 7[0m
  [4;36;1mSQL (0.005812)[0m   [0;1mCOMMIT[0m
  [4;35;1mSQL (0.010019)[0m   [0mUPDATE schema_info SET version = 5[0m
  [4;36;1mSQL (0.000549)[0m   [0;1mSELECT * FROM schema_info[0m
  [4;35;1mSQL (0.000717)[0m   [0mSHOW TABLES[0m
  [4;36;1mSQL (0.004887)[0m   [0;1mSHOW FIELDS FROM categories[0m
  [4;35;1mSQL (0.002243)[0m   [0mSHOW KEYS FROM categories[0m
  [4;36;1mSQL (0.001718)[0m   [0;1mSHOW FIELDS FROM categories_photos[0m
  [4;35;1mSQL (0.017512)[0m   [0mSHOW KEYS FROM categories_photos[0m
  [4;36;1mSQL (0.001898)[0m   [0;1mSHOW FIELDS FROM photos[0m
  [4;35;1mSQL (0.001803)[0m   [0mSHOW KEYS FROM photos[0m
  [4;36;1mSQL (0.001461)[0m   [0;1mSHOW FIELDS FROM slides[0m
  [4;35;1mSQL (0.001934)[0m   [0mSHOW KEYS FROM slides[0m
  [4;36;1mSQL (0.001354)[0m   [0;1mSHOW FIELDS FROM slideshows[0m
  [4;35;1mSQL (0.001839)[0m   [0mSHOW KEYS FROM slideshows[0m


Processing PhotosController#index (for 127.0.0.1 at 2007-02-17 17:31:09) [GET]
  Session ID: 27960fa96c361aba819614ade02f18d7
  Parameters: {"action"=>"index", "controller"=>"photos"}
Completed in 0.00135 (741 reqs/sec) | 200 OK [http://127.0.0.1/photos]


Processing PhotosController#list (for 127.0.0.1 at 2007-02-17 17:31:17) [GET]
  Session ID: 27960fa96c361aba819614ade02f18d7
  Parameters: {"action"=>"list", "controller"=>"photos"}
  [4;36;1mSQL (0.000243)[0m   [0;1mSET SQL_AUTO_IS_NULL=0[0m
  [4;35;1mPhoto Columns (0.001843)[0m   [0mSHOW FIELDS FROM photos[0m
  [4;36;1mSQL (0.000798)[0m   [0;1mSELECT count(*) AS count_all FROM photos [0m
  [4;35;1mPhoto Load (0.001661)[0m   [0mSELECT * FROM photos LIMIT 0, 10[0m
Rendering /usr/lib/ruby/gems/1.8/gems/actionpack-1.13.2/lib/action_controller/templates/scaffolds/layout.rhtml
Completed in 0.24140 (4 reqs/sec) | Rendering: 0.00440 (1%) | DB: 0.00455 (1%) | 200 OK [http://127.0.0.1/photos/list]


Processing PhotosController#show (for 127.0.0.1 at 2007-02-17 17:31:27) [GET]
  Session ID: 27960fa96c361aba819614ade02f18d7
  Parameters: {"action"=>"show", "id"=>"2", "controller"=>"photos"}
  [4;36;1mPhoto Columns (0.003507)[0m   [0;1mSHOW FIELDS FROM photos[0m
  [4;35;1mPhoto Load (0.001013)[0m   [0mSELECT * FROM photos WHERE (photos.id = 2) [0m
Rendering photos/show
ERROR: compiling _run_rhtml_47app47views47photos47show46rhtml RAISED compile error
script/../config/../app/views/photos/show.rhtml:5: parse error, unexpected '=', expecting tASSOC
_erbout.concat(( link_to 'list of photos', :action => 'list', :id = @photo ).to_s); _erbout.concat "\n"
                                                                   ^
Function body: def _run_rhtml_47app47views47photos47show46rhtml(local_assigns)
_erbout = ''; _erbout.concat "<h1>Show Photos</h1>\n"
_erbout.concat "\n"
_erbout.concat "<p>Filename: "; _erbout.concat(( @photo.filename ).to_s); _erbout.concat "</p>\n"
_erbout.concat "\n"
_erbout.concat(( link_to 'list of photos', :action => 'list', :id = @photo ).to_s); _erbout.concat "\n"
_erbout
end
Backtrace: script/../config/../app/views/photos/show.rhtml:7:in `compile_template'
/usr/lib/ruby/gems/1.8/gems/actionpack-1.13.2/lib/action_view/base.rb:319:in `compile_and_render_template'
/usr/lib/ruby/gems/1.8/gems/actionpack-1.13.2/lib/action_view/base.rb:301:in `render_template'
/usr/lib/ruby/gems/1.8/gems/actionpack-1.13.2/lib/action_view/base.rb:260:in `render_file'
/usr/lib/ruby/gems/1.8/gems/actionpack-1.13.2/lib/action_controller/base.rb:806:in `render_file'
/usr/lib/ruby/gems/1.8/gems/actionpack-1.13.2/lib/action_controller/base.rb:738:in `render_with_no_layout'
/usr/lib/ruby/gems/1.8/gems/actionpack-1.13.2/lib/action_controller/base.rb:863:in `render_without_layout'
/usr/lib/ruby/gems/1.8/gems/actionpack-1.13.2/lib/action_controller/base.rb:798:in `render_action'
/usr/lib/ruby/gems/1.8/gems/actionpack-1.13.2/lib/action_controller/base.rb:748:in `render_with_no_layout'
/usr/lib/ruby/gems/1.8/gems/activesupport-1.4.1/lib/active_support/deprecation.rb:43:in `silence'
/usr/lib/ruby/gems/1.8/gems/actionpack-1.13.2/lib/action_controller/base.rb:747:in `render_with_no_layout'
/usr/lib/ruby/gems/1.8/gems/actionpack-1.13.2/lib/action_controller/layout.rb:256:in `render_without_benchmark'
/usr/lib/ruby/gems/1.8/gems/actionpack-1.13.2/lib/action_controller/benchmarking.rb:50:in `render'
/usr/lib/ruby/1.8/benchmark.rb:293:in `measure'
/usr/lib/ruby/gems/1.8/gems/actionpack-1.13.2/lib/action_controller/benchmarking.rb:50:in `render'
/usr/lib/ruby/gems/1.8/gems/actionpack-1.13.2/lib/action_controller/scaffolding.rb:160:in `render_scaffold'
/usr/lib/ruby/gems/1.8/gems/actionpack-1.13.2/lib/action_controller/scaffolding.rb:114:in `show'
/usr/lib/ruby/gems/1.8/gems/actionpack-1.13.2/lib/action_controller/base.rb:1095:in `perform_action_without_filters'
/usr/lib/ruby/gems/1.8/gems/actionpack-1.13.2/lib/action_controller/filters.rb:632:in `call_filter'
/usr/lib/ruby/gems/1.8/gems/actionpack-1.13.2/lib/action_controller/filters.rb:634:in `call_filter'
/usr/lib/ruby/gems/1.8/gems/actionpack-1.13.2/lib/action_controller/filters.rb:619:in `perform_action_without_benchmark'
/usr/lib/ruby/gems/1.8/gems/actionpack-1.13.2/lib/action_controller/benchmarking.rb:66:in `perform_action_without_rescue'
/usr/lib/ruby/1.8/benchmark.rb:293:in `measure'
/usr/lib/ruby/gems/1.8/gems/actionpack-1.13.2/lib/action_controller/benchmarking.rb:66:in `perform_action_without_rescue'
/usr/lib/ruby/gems/1.8/gems/actionpack-1.13.2/lib/action_controller/rescue.rb:83:in `perform_action'
/usr/lib/ruby/gems/1.8/gems/actionpack-1.13.2/lib/action_controller/base.rb:430:in `process_without_filters'
/usr/lib/ruby/gems/1.8/gems/actionpack-1.13.2/lib/action_controller/filters.rb:624:in `process_without_session_management_support'
/usr/lib/ruby/gems/1.8/gems/actionpack-1.13.2/lib/action_controller/session_management.rb:114:in `process'
/usr/lib/ruby/gems/1.8/gems/actionpack-1.13.2/lib/action_controller/base.rb:330:in `process'
/usr/lib/ruby/gems/1.8/gems/rails-1.2.2/lib/dispatcher.rb:41:in `dispatch'
/usr/lib/ruby/gems/1.8/gems/rails-1.2.2/lib/webrick_server.rb:113:in `handle_dispatch'
/usr/lib/ruby/gems/1.8/gems/rails-1.2.2/lib/webrick_server.rb:79:in `service'
/usr/lib/ruby/1.8/webrick/httpserver.rb:104:in `service'
/usr/lib/ruby/1.8/webrick/httpserver.rb:65:in `run'
/usr/lib/ruby/1.8/webrick/server.rb:173:in `start_thread'
/usr/lib/ruby/1.8/webrick/server.rb:162:in `start_thread'
/usr/lib/ruby/1.8/webrick/server.rb:95:in `start'
/usr/lib/ruby/1.8/webrick/server.rb:92:in `start'
/usr/lib/ruby/1.8/webrick/server.rb:23:in `start'
/usr/lib/ruby/1.8/webrick/server.rb:82:in `start'
/usr/lib/ruby/gems/1.8/gems/rails-1.2.2/lib/webrick_server.rb:63:in `dispatch'
/usr/lib/ruby/gems/1.8/gems/rails-1.2.2/lib/commands/servers/webrick.rb:59
/usr/local/lib/site_ruby/1.8/rubygems/custom_require.rb:27:in `require'
/usr/lib/ruby/gems/1.8/gems/activesupport-1.4.1/lib/active_support/dependencies.rb:495:in `require'
/usr/lib/ruby/gems/1.8/gems/activesupport-1.4.1/lib/active_support/dependencies.rb:342:in `new_constants_in'
/usr/lib/ruby/gems/1.8/gems/activesupport-1.4.1/lib/active_support/dependencies.rb:495:in `require'
/usr/lib/ruby/gems/1.8/gems/rails-1.2.2/lib/commands/server.rb:39
/usr/local/lib/site_ruby/1.8/rubygems/custom_require.rb:27:in `require'
script/server:3


ActionView::TemplateError (compile error
script/../config/../app/views/photos/show.rhtml:5: parse error, unexpected '=', expecting tASSOC
_erbout.concat(( link_to 'list of photos', :action => 'list', :id = @photo ).to_s); _erbout.concat "\n"
                                                                   ^) on line #5 of app/views/photos/show.rhtml:
2: 
3: <p>Filename: <%= @photo.filename %></p>
4: 
5: <%= link_to 'list of photos', :action => 'list', :id = @photo %>

    #{RAILS_ROOT}/app/views/photos/show.rhtml:7:in `compile_template'
    /usr/lib/ruby/gems/1.8/gems/actionpack-1.13.2/lib/action_view/base.rb:319:in `compile_and_render_template'
    /usr/lib/ruby/gems/1.8/gems/actionpack-1.13.2/lib/action_view/base.rb:301:in `render_template'
    /usr/lib/ruby/gems/1.8/gems/actionpack-1.13.2/lib/action_view/base.rb:260:in `render_file'
    /usr/lib/ruby/gems/1.8/gems/actionpack-1.13.2/lib/action_controller/base.rb:806:in `render_file'
    /usr/lib/ruby/gems/1.8/gems/actionpack-1.13.2/lib/action_controller/base.rb:738:in `render_with_no_layout'
    /usr/lib/ruby/gems/1.8/gems/actionpack-1.13.2/lib/action_controller/base.rb:863:in `render_without_layout'
    /usr/lib/ruby/gems/1.8/gems/actionpack-1.13.2/lib/action_controller/base.rb:798:in `render_action'
    /usr/lib/ruby/gems/1.8/gems/actionpack-1.13.2/lib/action_controller/base.rb:748:in `render_with_no_layout'
    /usr/lib/ruby/gems/1.8/gems/activesupport-1.4.1/lib/active_support/deprecation.rb:43:in `silence'
    /usr/lib/ruby/gems/1.8/gems/actionpack-1.13.2/lib/action_controller/base.rb:747:in `render_with_no_layout'
    /usr/lib/ruby/gems/1.8/gems/actionpack-1.13.2/lib/action_controller/layout.rb:256:in `render_without_benchmark'
    /usr/lib/ruby/gems/1.8/gems/actionpack-1.13.2/lib/action_controller/benchmarking.rb:50:in `render'
    /usr/lib/ruby/1.8/benchmark.rb:293:in `measure'
    /usr/lib/ruby/gems/1.8/gems/actionpack-1.13.2/lib/action_controller/benchmarking.rb:50:in `render'
    /usr/lib/ruby/gems/1.8/gems/actionpack-1.13.2/lib/action_controller/scaffolding.rb:160:in `render_scaffold'
    /usr/lib/ruby/gems/1.8/gems/actionpack-1.13.2/lib/action_controller/scaffolding.rb:114:in `show'
    /usr/lib/ruby/gems/1.8/gems/actionpack-1.13.2/lib/action_controller/base.rb:1095:in `perform_action_without_filters'
    /usr/lib/ruby/gems/1.8/gems/actionpack-1.13.2/lib/action_controller/filters.rb:632:in `call_filter'
    /usr/lib/ruby/gems/1.8/gems/actionpack-1.13.2/lib/action_controller/filters.rb:634:in `call_filter'
    /usr/lib/ruby/gems/1.8/gems/actionpack-1.13.2/lib/action_controller/filters.rb:619:in `perform_action_without_benchmark'
    /usr/lib/ruby/gems/1.8/gems/actionpack-1.13.2/lib/action_controller/benchmarking.rb:66:in `perform_action_without_rescue'
    /usr/lib/ruby/1.8/benchmark.rb:293:in `measure'
    /usr/lib/ruby/gems/1.8/gems/actionpack-1.13.2/lib/action_controller/benchmarking.rb:66:in `perform_action_without_rescue'
    /usr/lib/ruby/gems/1.8/gems/actionpack-1.13.2/lib/action_controller/rescue.rb:83:in `perform_action'
    /usr/lib/ruby/gems/1.8/gems/actionpack-1.13.2/lib/action_controller/base.rb:430:in `process_without_filters'
    /usr/lib/ruby/gems/1.8/gems/actionpack-1.13.2/lib/action_controller/filters.rb:624:in `process_without_session_management_support'
    /usr/lib/ruby/gems/1.8/gems/actionpack-1.13.2/lib/action_controller/session_management.rb:114:in `process'
    /usr/lib/ruby/gems/1.8/gems/actionpack-1.13.2/lib/action_controller/base.rb:330:in `process'
    /usr/lib/ruby/gems/1.8/gems/rails-1.2.2/lib/dispatcher.rb:41:in `dispatch'
    /usr/lib/ruby/gems/1.8/gems/rails-1.2.2/lib/webrick_server.rb:113:in `handle_dispatch'
    /usr/lib/ruby/gems/1.8/gems/rails-1.2.2/lib/webrick_server.rb:79:in `service'
    /usr/lib/ruby/1.8/webrick/httpserver.rb:104:in `service'
    /usr/lib/ruby/1.8/webrick/httpserver.rb:65:in `run'
    /usr/lib/ruby/1.8/webrick/server.rb:173:in `start_thread'
    /usr/lib/ruby/1.8/webrick/server.rb:162:in `start_thread'
    /usr/lib/ruby/1.8/webrick/server.rb:95:in `start'
    /usr/lib/ruby/1.8/webrick/server.rb:92:in `start'
    /usr/lib/ruby/1.8/webrick/server.rb:23:in `start'
    /usr/lib/ruby/1.8/webrick/server.rb:82:in `start'
    /usr/lib/ruby/gems/1.8/gems/rails-1.2.2/lib/webrick_server.rb:63:in `dispatch'
    /usr/lib/ruby/gems/1.8/gems/rails-1.2.2/lib/commands/servers/webrick.rb:59
    /usr/local/lib/site_ruby/1.8/rubygems/custom_require.rb:27:in `require'
    /usr/lib/ruby/gems/1.8/gems/activesupport-1.4.1/lib/active_support/dependencies.rb:495:in `require'
    /usr/lib/ruby/gems/1.8/gems/activesupport-1.4.1/lib/active_support/dependencies.rb:342:in `new_constants_in'
    /usr/lib/ruby/gems/1.8/gems/activesupport-1.4.1/lib/active_support/dependencies.rb:495:in `require'
    /usr/lib/ruby/gems/1.8/gems/rails-1.2.2/lib/commands/server.rb:39
    /usr/local/lib/site_ruby/1.8/rubygems/custom_require.rb:27:in `require'
    script/server:3


Rendering /usr/lib/ruby/gems/1.8/gems/actionpack-1.13.2/lib/action_controller/templates/rescues/layout.rhtml (500 Internal Error)


Processing PhotosController#edit (for 127.0.0.1 at 2007-02-17 17:31:38) [GET]
  Session ID: 27960fa96c361aba819614ade02f18d7
  Parameters: {"action"=>"edit", "id"=>"1", "controller"=>"photos"}
  [4;36;1mPhoto Columns (0.007103)[0m   [0;1mSHOW FIELDS FROM photos[0m
  [4;35;1mPhoto Load (0.001025)[0m   [0mSELECT * FROM photos WHERE (photos.id = 1) [0m
Rendering /usr/lib/ruby/gems/1.8/gems/actionpack-1.13.2/lib/action_controller/templates/scaffolds/layout.rhtml
Completed in 0.02844 (35 reqs/sec) | Rendering: 0.00071 (2%) | DB: 0.00813 (28%) | 200 OK [http://127.0.0.1/photos/edit/1]
  [4;36;1mSQL (0.000636)[0m   [0;1mSET SQL_AUTO_IS_NULL=0[0m
  [4;35;1mPhoto Columns (0.003882)[0m   [0mSHOW FIELDS FROM photos[0m
  [4;36;1mSQL (0.000217)[0m   [0;1mSET SQL_AUTO_IS_NULL=0[0m
  [4;35;1mSlide Columns (0.001622)[0m   [0mSHOW FIELDS FROM slides[0m
  [4;36;1mSQL (0.000235)[0m   [0;1mSET SQL_AUTO_IS_NULL=0[0m
  [4;35;1mSlideshow Columns (0.001529)[0m   [0mSHOW FIELDS FROM slideshows[0m
  [4;36;1mSQL (0.000222)[0m   [0;1mSET SQL_AUTO_IS_NULL=0[0m
  [4;35;1mCategory Columns (0.001660)[0m   [0mSHOW FIELDS FROM categories[0m


Processing PhotosController#list (for 127.0.0.1 at 2007-02-17 17:42:00) [GET]
  Session ID: 27960fa96c361aba819614ade02f18d7
  Parameters: {"action"=>"list", "controller"=>"photos"}
  [4;36;1mSQL (0.000224)[0m   [0;1mSET SQL_AUTO_IS_NULL=0[0m
  [4;35;1mPhoto Columns (0.001639)[0m   [0mSHOW FIELDS FROM photos[0m
  [4;36;1mSQL (0.000540)[0m   [0;1mSELECT count(*) AS count_all FROM photos [0m
  [4;35;1mPhoto Load (0.000975)[0m   [0mSELECT * FROM photos LIMIT 0, 10[0m
Rendering  within layouts/photos
Rendering photos/list
Completed in 0.12035 (8 reqs/sec) | Rendering: 0.07812 (64%) | DB: 0.00338 (2%) | 200 OK [http://127.0.0.1/photos/list]


Processing PhotosController#edit (for 127.0.0.1 at 2007-02-17 17:42:22) [GET]
  Session ID: 27960fa96c361aba819614ade02f18d7
  Parameters: {"action"=>"edit", "id"=>"1", "controller"=>"photos"}
  [4;36;1mPhoto Columns (0.005271)[0m   [0;1mSHOW FIELDS FROM photos[0m
  [4;35;1mPhoto Load (0.000756)[0m   [0mSELECT * FROM photos WHERE (photos.id = 1) [0m
Rendering  within layouts/photos
Rendering photos/edit
Rendered photos/_form (0.00631)
Completed in 0.02954 (33 reqs/sec) | Rendering: 0.01293 (43%) | DB: 0.00603 (20%) | 200 OK [http://127.0.0.1/photos/edit/1]


Processing PhotosController#list (for 127.0.0.1 at 2007-02-17 17:42:26) [GET]
  Session ID: 27960fa96c361aba819614ade02f18d7
  Parameters: {"action"=>"list", "controller"=>"photos"}
  [4;36;1mPhoto Columns (0.001747)[0m   [0;1mSHOW FIELDS FROM photos[0m
  [4;35;1mSQL (0.000412)[0m   [0mSELECT count(*) AS count_all FROM photos [0m
  [4;36;1mPhoto Load (0.001179)[0m   [0;1mSELECT * FROM photos LIMIT 0, 10[0m
Rendering  within layouts/photos
Rendering photos/list
Completed in 0.02783 (35 reqs/sec) | Rendering: 0.01372 (49%) | DB: 0.00334 (11%) | 200 OK [http://127.0.0.1/photos/list]


Processing ApplicationController#index (for 127.0.0.1 at 2007-02-17 17:46:04) [GET]
  Session ID: 27960fa96c361aba819614ade02f18d7
  Parameters: {}


ActionController::RoutingError (no route found to match "/photos/_form.rhtml" with {:method=>:get}):
    /usr/lib/ruby/gems/1.8/gems/actionpack-1.13.2/lib/action_controller/routing.rb:1292:in `recognize_path'
    /usr/lib/ruby/gems/1.8/gems/actionpack-1.13.2/lib/action_controller/routing.rb:1282:in `recognize'
    /usr/lib/ruby/gems/1.8/gems/rails-1.2.2/lib/dispatcher.rb:40:in `dispatch'
    /usr/lib/ruby/gems/1.8/gems/rails-1.2.2/lib/webrick_server.rb:113:in `handle_dispatch'
    /usr/lib/ruby/gems/1.8/gems/rails-1.2.2/lib/webrick_server.rb:79:in `service'
    /usr/lib/ruby/1.8/webrick/httpserver.rb:104:in `service'
    /usr/lib/ruby/1.8/webrick/httpserver.rb:65:in `run'
    /usr/lib/ruby/1.8/webrick/server.rb:173:in `start_thread'
    /usr/lib/ruby/1.8/webrick/server.rb:162:in `start_thread'
    /usr/lib/ruby/1.8/webrick/server.rb:95:in `start'
    /usr/lib/ruby/1.8/webrick/server.rb:92:in `start'
    /usr/lib/ruby/1.8/webrick/server.rb:23:in `start'
    /usr/lib/ruby/1.8/webrick/server.rb:82:in `start'
    /usr/lib/ruby/gems/1.8/gems/rails-1.2.2/lib/webrick_server.rb:63:in `dispatch'
    /usr/lib/ruby/gems/1.8/gems/rails-1.2.2/lib/commands/servers/webrick.rb:59
    /usr/local/lib/site_ruby/1.8/rubygems/custom_require.rb:27:in `require'
    /usr/lib/ruby/gems/1.8/gems/activesupport-1.4.1/lib/active_support/dependencies.rb:495:in `require'
    /usr/lib/ruby/gems/1.8/gems/activesupport-1.4.1/lib/active_support/dependencies.rb:342:in `new_constants_in'
    /usr/lib/ruby/gems/1.8/gems/activesupport-1.4.1/lib/active_support/dependencies.rb:495:in `require'
    /usr/lib/ruby/gems/1.8/gems/rails-1.2.2/lib/commands/server.rb:39
    /usr/local/lib/site_ruby/1.8/rubygems/custom_require.rb:27:in `require'
    script/server:3


Rendering /usr/lib/ruby/gems/1.8/gems/actionpack-1.13.2/lib/action_controller/templates/rescues/layout.rhtml (404 Page Not Found)


Processing PhotosController#index (for 127.0.0.1 at 2007-02-18 16:01:52) [GET]
  Session ID: 336ad51e0a3bb54d08eb04f0dc18e363
  Parameters: {"action"=>"index", "controller"=>"photos"}
  [4;36;1mSQL (0.000263)[0m   [0;1mSET SQL_AUTO_IS_NULL=0[0m
  [4;35;1mPhoto Columns (0.028047)[0m   [0mSHOW FIELDS FROM photos[0m
  [4;36;1mSQL (0.032922)[0m   [0;1mSELECT count(*) AS count_all FROM photos [0m
  [4;35;1mPhoto Load (0.001254)[0m   [0mSELECT * FROM photos LIMIT 0, 10[0m
Rendering actionlistlayoutfalse within layouts/photos
Rendering photos/list
Completed in 0.21928 (4 reqs/sec) | Rendering: 0.10322 (47%) | DB: 0.06249 (28%) | 200 OK [http://127.0.0.1/photos]


Processing PhotosController#show (for 127.0.0.1 at 2007-02-18 16:02:00) [GET]
  Session ID: 336ad51e0a3bb54d08eb04f0dc18e363
  Parameters: {"action"=>"show", "id"=>"1", "controller"=>"photos"}
  [4;36;1mPhoto Columns (0.001789)[0m   [0;1mSHOW FIELDS FROM photos[0m
  [4;35;1mPhoto Load (0.030215)[0m   [0mSELECT * FROM photos WHERE (photos.id = 1) [0m
Rendering  within layouts/photos
Rendering photos/show
Completed in 0.05272 (18 reqs/sec) | Rendering: 0.00608 (11%) | DB: 0.03200 (60%) | 200 OK [http://127.0.0.1/photos/show/1]


Processing PhotosController#show (for 127.0.0.1 at 2007-02-18 16:02:07) [GET]
  Session ID: 336ad51e0a3bb54d08eb04f0dc18e363
  Parameters: {"action"=>"show", "id"=>"2", "controller"=>"photos"}
  [4;36;1mPhoto Columns (0.001776)[0m   [0;1mSHOW FIELDS FROM photos[0m
  [4;35;1mPhoto Load (0.001001)[0m   [0mSELECT * FROM photos WHERE (photos.id = 2) [0m
Rendering  within layouts/photos
Rendering photos/show
Completed in 0.01834 (54 reqs/sec) | Rendering: 0.00533 (29%) | DB: 0.00278 (15%) | 200 OK [http://127.0.0.1/photos/show/2]


Processing PhotosController#show (for 127.0.0.1 at 2007-02-18 16:02:16) [GET]
  Session ID: 336ad51e0a3bb54d08eb04f0dc18e363
  Parameters: {"action"=>"show", "id"=>"3", "controller"=>"photos"}
  [4;36;1mPhoto Columns (0.002000)[0m   [0;1mSHOW FIELDS FROM photos[0m
  [4;35;1mPhoto Load (0.001968)[0m   [0mSELECT * FROM photos WHERE (photos.id = 3) [0m
Rendering  within layouts/photos
Rendering photos/show
Completed in 0.09207 (10 reqs/sec) | Rendering: 0.00512 (5%) | DB: 0.00397 (4%) | 200 OK [http://127.0.0.1/photos/show/3]


Processing PhotosController#show (for 127.0.0.1 at 2007-02-18 16:02:23) [GET]
  Session ID: 336ad51e0a3bb54d08eb04f0dc18e363
  Parameters: {"action"=>"show", "id"=>"4", "controller"=>"photos"}
  [4;36;1mPhoto Columns (0.003791)[0m   [0;1mSHOW FIELDS FROM photos[0m
  [4;35;1mPhoto Load (0.002426)[0m   [0mSELECT * FROM photos WHERE (photos.id = 4) [0m
Rendering  within layouts/photos
Rendering photos/show
Completed in 0.02139 (46 reqs/sec) | Rendering: 0.00495 (23%) | DB: 0.00622 (29%) | 200 OK [http://127.0.0.1/photos/show/4]


Processing PhotosController#show (for 127.0.0.1 at 2007-02-18 16:02:32) [GET]
  Session ID: 336ad51e0a3bb54d08eb04f0dc18e363
  Parameters: {"action"=>"show", "id"=>"5", "controller"=>"photos"}
  [4;36;1mPhoto Columns (0.042603)[0m   [0;1mSHOW FIELDS FROM photos[0m
  [4;35;1mPhoto Load (0.001783)[0m   [0mSELECT * FROM photos WHERE (photos.id = 5) [0m
Rendering  within layouts/photos
Rendering photos/show
Completed in 0.06939 (14 reqs/sec) | Rendering: 0.00693 (9%) | DB: 0.04439 (63%) | 200 OK [http://127.0.0.1/photos/show/5]


Processing PhotosController#show (for 127.0.0.1 at 2007-02-18 16:02:39) [GET]
  Session ID: 336ad51e0a3bb54d08eb04f0dc18e363
  Parameters: {"action"=>"show", "id"=>"6", "controller"=>"photos"}
  [4;36;1mPhoto Columns (0.001799)[0m   [0;1mSHOW FIELDS FROM photos[0m
  [4;35;1mPhoto Load (0.001089)[0m   [0mSELECT * FROM photos WHERE (photos.id = 6) [0m
Rendering  within layouts/photos
Rendering photos/show
Completed in 0.09423 (10 reqs/sec) | Rendering: 0.00630 (6%) | DB: 0.00289 (3%) | 200 OK [http://127.0.0.1/photos/show/6]


Processing PhotosController#show (for 127.0.0.1 at 2007-02-18 16:02:46) [GET]
  Session ID: 336ad51e0a3bb54d08eb04f0dc18e363
  Parameters: {"action"=>"show", "id"=>"7", "controller"=>"photos"}
  [4;36;1mPhoto Columns (0.004622)[0m   [0;1mSHOW FIELDS FROM photos[0m
  [4;35;1mPhoto Load (0.001003)[0m   [0mSELECT * FROM photos WHERE (photos.id = 7) [0m
Rendering  within layouts/photos
Rendering photos/show
Completed in 0.02331 (42 reqs/sec) | Rendering: 0.00646 (27%) | DB: 0.00563 (24%) | 200 OK [http://127.0.0.1/photos/show/7]


Processing InfoController#properties (for 127.0.0.1 at 2007-02-18 16:03:26) [GET]
  Session ID: 46763d7af074d2a184807c094d8350a6
  Parameters: {"action"=>"properties", "controller"=>"rails/info"}
  [4;36;1mSQL (0.010086)[0m   [0;1mSELECT version FROM schema_info[0m
Completed in 0.05152 (19 reqs/sec) | Rendering: 0.00141 (2%) | DB: 0.01009 (19%) | 200 OK [http://127.0.0.1/rails/info/properties]


Processing ApplicationController#index (for 127.0.0.1 at 2007-02-18 16:06:29) [GET]
  Session ID: 336ad51e0a3bb54d08eb04f0dc18e363
  Parameters: {}


ActionController::RoutingError (no route found to match "/photos.html" with {:method=>:get}):
    /usr/lib/ruby/gems/1.8/gems/actionpack-1.13.2/lib/action_controller/routing.rb:1292:in `recognize_path'
    /usr/lib/ruby/gems/1.8/gems/actionpack-1.13.2/lib/action_controller/routing.rb:1282:in `recognize'
    /usr/lib/ruby/gems/1.8/gems/rails-1.2.2/lib/dispatcher.rb:40:in `dispatch'
    /usr/lib/ruby/gems/1.8/gems/rails-1.2.2/lib/webrick_server.rb:113:in `handle_dispatch'
    /usr/lib/ruby/gems/1.8/gems/rails-1.2.2/lib/webrick_server.rb:79:in `service'
    /usr/lib/ruby/1.8/webrick/httpserver.rb:104:in `service'
    /usr/lib/ruby/1.8/webrick/httpserver.rb:65:in `run'
    /usr/lib/ruby/1.8/webrick/server.rb:173:in `start_thread'
    /usr/lib/ruby/1.8/webrick/server.rb:162:in `start_thread'
    /usr/lib/ruby/1.8/webrick/server.rb:95:in `start'
    /usr/lib/ruby/1.8/webrick/server.rb:92:in `start'
    /usr/lib/ruby/1.8/webrick/server.rb:23:in `start'
    /usr/lib/ruby/1.8/webrick/server.rb:82:in `start'
    /usr/lib/ruby/gems/1.8/gems/rails-1.2.2/lib/webrick_server.rb:63:in `dispatch'
    /usr/lib/ruby/gems/1.8/gems/rails-1.2.2/lib/commands/servers/webrick.rb:59
    /usr/local/lib/site_ruby/1.8/rubygems/custom_require.rb:27:in `require'
    /usr/lib/ruby/gems/1.8/gems/activesupport-1.4.1/lib/active_support/dependencies.rb:495:in `require'
    /usr/lib/ruby/gems/1.8/gems/activesupport-1.4.1/lib/active_support/dependencies.rb:342:in `new_constants_in'
    /usr/lib/ruby/gems/1.8/gems/activesupport-1.4.1/lib/active_support/dependencies.rb:495:in `require'
    /usr/lib/ruby/gems/1.8/gems/rails-1.2.2/lib/commands/server.rb:39
    /usr/local/lib/site_ruby/1.8/rubygems/custom_require.rb:27:in `require'
    script/server:3


Rendering /usr/lib/ruby/gems/1.8/gems/actionpack-1.13.2/lib/action_controller/templates/rescues/layout.rhtml (404 Page Not Found)


Processing PhotosController#index (for 127.0.0.1 at 2007-02-18 16:06:52) [GET]
  Session ID: 336ad51e0a3bb54d08eb04f0dc18e363
  Parameters: {"action"=>"index", "controller"=>"photos"}
  [4;35;1mPhoto Columns (0.001770)[0m   [0mSHOW FIELDS FROM photos[0m
  [4;36;1mSQL (0.000422)[0m   [0;1mSELECT count(*) AS count_all FROM photos [0m
  [4;35;1mPhoto Load (0.001019)[0m   [0mSELECT * FROM photos LIMIT 0, 10[0m
Rendering actionlistlayoutfalse within layouts/photos
Rendering photos/list
Completed in 0.02796 (35 reqs/sec) | Rendering: 0.01273 (45%) | DB: 0.00321 (11%) | 200 OK [http://127.0.0.1/photos]


Processing PhotosController#index (for 127.0.0.1 at 2007-02-18 16:06:57) [GET]
  Session ID: 336ad51e0a3bb54d08eb04f0dc18e363
  Parameters: {"action"=>"index", "controller"=>"photos"}
  [4;36;1mPhoto Columns (0.002526)[0m   [0;1mSHOW FIELDS FROM photos[0m
  [4;35;1mSQL (0.000427)[0m   [0mSELECT count(*) AS count_all FROM photos [0m
  [4;36;1mPhoto Load (0.000987)[0m   [0;1mSELECT * FROM photos LIMIT 0, 10[0m
Rendering actionlistlayoutfalse within layouts/photos
Rendering photos/list
Completed in 0.03837 (26 reqs/sec) | Rendering: 0.01262 (32%) | DB: 0.00394 (10%) | 200 OK [http://127.0.0.1/photos]


Processing PhotosController#index (for 127.0.0.1 at 2007-02-18 16:10:05) [GET]
  Session ID: 336ad51e0a3bb54d08eb04f0dc18e363
  Parameters: {"action"=>"index", "controller"=>"photos"}
  [4;35;1mPhoto Columns (0.001801)[0m   [0mSHOW FIELDS FROM photos[0m
  [4;36;1mSQL (0.000404)[0m   [0;1mSELECT count(*) AS count_all FROM photos [0m
  [4;35;1mPhoto Load (0.001111)[0m   [0mSELECT * FROM photos LIMIT 0, 10[0m
Rendering actionlistlayoutfalse within layouts/photos
Rendering photos/list
Completed in 0.02895 (34 reqs/sec) | Rendering: 0.01329 (45%) | DB: 0.00332 (11%) | 200 OK [http://127.0.0.1/photos]


Processing PhotosController#show (for 127.0.0.1 at 2007-02-18 16:10:07) [GET]
  Session ID: 336ad51e0a3bb54d08eb04f0dc18e363
  Parameters: {"action"=>"show", "id"=>"3", "controller"=>"photos"}
  [4;36;1mPhoto Columns (0.005118)[0m   [0;1mSHOW FIELDS FROM photos[0m
  [4;35;1mPhoto Load (0.000824)[0m   [0mSELECT * FROM photos WHERE (photos.id = 3) [0m
Rendering  within layouts/photos
Rendering photos/show
Completed in 0.02094 (47 reqs/sec) | Rendering: 0.00475 (22%) | DB: 0.00594 (28%) | 200 OK [http://127.0.0.1/photos/show/3]
